<?xml version="1.0" encoding="UTF-8"?>
<testsuite xmlns:xsi="http://www.w3.org/2001/XMLSchema-instance" xsi:noNamespaceSchemaLocation="https://maven.apache.org/surefire/maven-surefire-plugin/xsd/surefire-test-report-3.0.xsd" version="3.0" name="com.firstproject.org.TestSubstract" time="0" tests="1" errors="0" skipped="0" failures="0">
  <properties>
    <property name="java.specification.version" value="17"/>
    <property name="sun.cpu.isalist" value="amd64"/>
    <property name="sun.jnu.encoding" value="Cp1252"/>
    <property name="java.class.path" value="C:\Users\Sheem\eclipse-workspace\Addition\target\test-classes;C:\Users\Sheem\eclipse-workspace\Addition\target\classes;C:\Users\Sheem\.m2\repository\junit\junit\4.13.2\junit-4.13.2.jar;C:\Users\Sheem\.m2\repository\org\hamcrest\hamcrest-core\1.3\hamcrest-core-1.3.jar;C:\Users\Sheem\.m2\repository\org\sonarsource\scanner\maven\sonar-maven-plugin\3.9.0.2155\sonar-maven-plugin-3.9.0.2155.jar;C:\Users\Sheem\.m2\repository\org\sonatype\plexus\plexus-sec-dispatcher\1.4\plexus-sec-dispatcher-1.4.jar;C:\Users\Sheem\.m2\repository\org\sonatype\plexus\plexus-cipher\1.4\plexus-cipher-1.4.jar;C:\Users\Sheem\.m2\repository\org\codehaus\plexus\plexus-utils\3.2.1\plexus-utils-3.2.1.jar;C:\Users\Sheem\.m2\repository\org\sonarsource\scanner\api\sonar-scanner-api\2.16.1.361\sonar-scanner-api-2.16.1.361.jar;C:\Users\Sheem\.m2\repository\commons-lang\commons-lang\2.6\commons-lang-2.6.jar;"/>
    <property name="java.vm.vendor" value="Oracle Corporation"/>
    <property name="sun.arch.data.model" value="64"/>
    <property name="user.variant" value=""/>
    <property name="java.vendor.url" value="https://java.oracle.com/"/>
    <property name="user.timezone" value="Asia/Calcutta"/>
    <property name="os.name" value="Windows 11"/>
    <property name="java.vm.specification.version" value="17"/>
    <property name="sun.java.launcher" value="SUN_STANDARD"/>
    <property name="user.country" value="IN"/>
    <property name="sun.boot.library.path" value="C:\Program Files\Java\jdk-17.0.5\bin"/>
    <property name="sun.java.command" value="C:\Users\Sheem\AppData\Local\Temp\surefire8340714671211315904\surefirebooter1213142461129387934.jar C:\Users\Sheem\AppData\Local\Temp\surefire8340714671211315904 2023-01-06T18-52-59_285-jvmRun1 surefire138183625985733758tmp surefire_05648579938707454251tmp"/>
    <property name="jdk.debug" value="release"/>
    <property name="surefire.test.class.path" value="C:\Users\Sheem\eclipse-workspace\Addition\target\test-classes;C:\Users\Sheem\eclipse-workspace\Addition\target\classes;C:\Users\Sheem\.m2\repository\junit\junit\4.13.2\junit-4.13.2.jar;C:\Users\Sheem\.m2\repository\org\hamcrest\hamcrest-core\1.3\hamcrest-core-1.3.jar;C:\Users\Sheem\.m2\repository\org\sonarsource\scanner\maven\sonar-maven-plugin\3.9.0.2155\sonar-maven-plugin-3.9.0.2155.jar;C:\Users\Sheem\.m2\repository\org\sonatype\plexus\plexus-sec-dispatcher\1.4\plexus-sec-dispatcher-1.4.jar;C:\Users\Sheem\.m2\repository\org\sonatype\plexus\plexus-cipher\1.4\plexus-cipher-1.4.jar;C:\Users\Sheem\.m2\repository\org\codehaus\plexus\plexus-utils\3.2.1\plexus-utils-3.2.1.jar;C:\Users\Sheem\.m2\repository\org\sonarsource\scanner\api\sonar-scanner-api\2.16.1.361\sonar-scanner-api-2.16.1.361.jar;C:\Users\Sheem\.m2\repository\commons-lang\commons-lang\2.6\commons-lang-2.6.jar;"/>
    <property name="sun.cpu.endian" value="little"/>
    <property name="user.home" value="C:\Users\Sheem"/>
    <property name="user.language" value="en"/>
    <property name="java.specification.vendor" value="Oracle Corporation"/>
    <property name="java.version.date" value="2022-10-18"/>
    <property name="java.home" value="C:\Program Files\Java\jdk-17.0.5"/>
    <property name="file.separator" value="\"/>
    <property name="basedir" value="C:\Users\Sheem\eclipse-workspace\Addition"/>
    <property name="java.vm.compressedOopsMode" value="32-bit"/>
    <property name="line.separator" value="&#10;"/>
    <property name="java.vm.specification.vendor" value="Oracle Corporation"/>
    <property name="java.specification.name" value="Java Platform API Specification"/>
    <property name="surefire.real.class.path" value="C:\Users\Sheem\AppData\Local\Temp\surefire8340714671211315904\surefirebooter1213142461129387934.jar"/>
    <property name="user.script" value=""/>
    <property name="sun.management.compiler" value="HotSpot 64-Bit Tiered Compilers"/>
    <property name="java.runtime.version" value="17.0.5+9-LTS-191"/>
    <property name="user.name" value="Sheem"/>
    <property name="path.separator" value=";"/>
    <property name="os.version" value="10.0"/>
    <property name="java.runtime.name" value="Java(TM) SE Runtime Environment"/>
    <property name="file.encoding" value="Cp1252"/>
    <property name="java.vm.name" value="Java HotSpot(TM) 64-Bit Server VM"/>
    <property name="localRepository" value="C:\Users\Sheem\.m2\repository"/>
    <property name="java.vendor.url.bug" value="https://bugreport.java.com/bugreport/"/>
    <property name="java.io.tmpdir" value="C:\Users\Sheem\AppData\Local\Temp\"/>
    <property name="java.version" value="17.0.5"/>
    <property name="user.dir" value="C:\Users\Sheem\eclipse-workspace\Addition"/>
    <property name="os.arch" value="amd64"/>
    <property name="java.vm.specification.name" value="Java Virtual Machine Specification"/>
    <property name="sun.os.patch.level" value=""/>
    <property name="native.encoding" value="Cp1252"/>
    <property name="java.library.path" value="C:\Program Files\Java\jdk-17.0.5\bin;C:\windows\Sun\Java\bin;C:\windows\system32;C:\windows;C:\Users\Sheem\Downloads\apache-maven-4.0.0-alpha-3-bin\apache-maven-4.0.0-alpha-3/bin;C:\Program Files\Java\jdk-17.0.5/bin;C:\Program Files\Java\jdk-17.0.5/bin;C:\Program Files\Common Files\Oracle\Java\javapath;C:\windows\system32;C:\windows;C:\windows\System32\Wbem;C:\windows\System32\WindowsPowerShell\v1.0\;C:\windows\System32\OpenSSH\;C:\Program Files\dotnet\;C:\Program Files\Java\jdk-17.0.5\bin;C:\Users\Sheem\OneDrive\Desktop\apache-maven-4.0.0-alpha-3\bin;C:\Users\Sheem\Downloads\openjdk-13.0.1_windows-x64_bin\jdk-13.0.1\bin;C:\Users\Sheem\Downloads\sonarqube-developer-9.8.0.63668.zip\sonarqube-9.8.0.63668\bin\windows-x86-64;C:\Users\Sheem\Downloads\sonarqube\sonar-scanner\bin;C:\Users\Sheem\AppData\Local\Microsoft\WindowsApps;C:\Users\Sheem\Downloads\openjdk-13.0.1_windows-x64_bin\jdk-13.0.1\bin;C:\Users\Sheem\Downloads\sonarqube-developer-9.8.0.63668.zip\sonarqube-9.8.0.63668\bin\windows-x86-64;;."/>
    <property name="java.vm.info" value="mixed mode, sharing"/>
    <property name="java.vendor" value="Oracle Corporation"/>
    <property name="java.vm.version" value="17.0.5+9-LTS-191"/>
    <property name="sun.io.unicode.encoding" value="UnicodeLittle"/>
    <property name="java.class.version" value="61.0"/>
  </properties>
  <testcase name="testSubtract" classname="com.firstproject.org.TestSubstract" time="0"/>
</testsuite>